Using pre-set license
Built from '2020.2/release' branch; Version is '2020.2.1f1 (270dd8c3da1c) revision 2559448'; Using compiler version '192528614'; Build Type 'Release'
OS: 'Windows 10  (10.0.0) 64bit' Language: 'es' Physical Memory: 8115 MB
BatchMode: 1, IsHumanControllingUs: 0, StartBugReporterOnCrash: 0, Is64bit: 1, IsPro: 0

 COMMAND LINE ARGUMENTS:
C:\Program Files\Unity\Hub\Editor\2020.2.1f1\Editor\Unity.exe
-adb2
-batchMode
-noUpm
-name
AssetImportWorker0
-projectPath
C:/Users/User/Desktop/Consolas/TourGame
-logFile
Logs/AssetImportWorker0.log
-srvPort
51343
Successfully changed project path to: C:/Users/User/Desktop/Consolas/TourGame
C:/Users/User/Desktop/Consolas/TourGame
Using Asset Import Pipeline V2.
Refreshing native plugins compatible for Editor in 48.38 ms, found 0 plugins.
Preloading 0 native plugins for Editor in 0.00 ms.
Initialize engine version: 2020.2.1f1 (270dd8c3da1c)
[Subsystems] Discovering subsystems at path C:/Program Files/Unity/Hub/Editor/2020.2.1f1/Editor/Data/Resources/UnitySubsystems
[Subsystems] Discovering subsystems at path C:/Users/User/Desktop/Consolas/TourGame/Assets
GfxDevice: creating device client; threaded=0
Direct3D:
    Version:  Direct3D 11.0 [level 11.1]
    Renderer: Intel(R) HD Graphics 5500 (ID=0x1616)
    Vendor:   
    VRAM:     4057 MB
    Driver:   20.19.15.5063
Initialize mono
Mono path[0] = 'C:/Program Files/Unity/Hub/Editor/2020.2.1f1/Editor/Data/Managed'
Mono path[1] = 'C:/Program Files/Unity/Hub/Editor/2020.2.1f1/Editor/Data/MonoBleedingEdge/lib/mono/unityjit'
Mono config path = 'C:/Program Files/Unity/Hub/Editor/2020.2.1f1/Editor/Data/MonoBleedingEdge/etc'
Using monoOptions --debugger-agent=transport=dt_socket,embedding=1,server=y,suspend=n,address=127.0.0.1:56488
Begin MonoManager ReloadAssembly
Registering precompiled unity dll's ...
Register platform support module: C:/Program Files/Unity/Hub/Editor/2020.2.1f1/Editor/Data/PlaybackEngines/WindowsStandaloneSupport/UnityEditor.WindowsStandalone.Extensions.dll
Registered in 0.002048 seconds.
Native extension for WindowsStandalone target not found
Refreshing native plugins compatible for Editor in 48.78 ms, found 0 plugins.
Preloading 0 native plugins for Editor in 0.00 ms.
Invoked RoslynAnalysisRunner static constructor.
RoslynAnalysisRunner will not be running.
RoslynAnalysisRunner has terminated.
Mono: successfully reloaded assembly
- Completed reload, in  1.838 seconds
Platform modules already initialized, skipping
Registering precompiled user dll's ...
Registered in 0.001097 seconds.
Begin MonoManager ReloadAssembly
Native extension for WindowsStandalone target not found
Refreshing native plugins compatible for Editor in 0.32 ms, found 0 plugins.
Preloading 0 native plugins for Editor in 0.00 ms.
Invoked RoslynAnalysisRunner static constructor.
RoslynAnalysisRunner will not be running.
RoslynAnalysisRunner has terminated.
Mono: successfully reloaded assembly
- Completed reload, in  1.466 seconds
Platform modules already initialized, skipping
========================================================================
Worker process is ready to serve import requests
Launched and connected shader compiler UnityShaderCompiler.exe after 0.07 seconds
Refreshing native plugins compatible for Editor in 0.86 ms, found 0 plugins.
Preloading 0 native plugins for Editor in 0.00 ms.
Unloading 1094 Unused Serialized files (Serialized files now loaded: 0)
System memory in use before: 58.0 MB.
System memory in use after: 58.0 MB.

Unloading 10 unused Assets to reduce memory usage. Loaded Objects now: 1540.
Total: 2.467000 ms (FindLiveObjects: 0.210000 ms CreateObjectMapping: 0.082700 ms MarkObjects: 2.071200 ms  DeleteObjects: 0.101200 ms)

========================================================================
Received Import Request.
  path: Assets/plantas/Broadleaf_Desktop Materials/LOD0/Branches_0.mat
  artifactKey: Guid(0014b68f226575642ab981d77a8e618b) Importer(815301076,1909f56bfc062723c751e8b465ee728b)
Start importing Assets/plantas/Broadleaf_Desktop Materials/LOD0/Branches_0.mat using Guid(0014b68f226575642ab981d77a8e618b) Importer(815301076,1909f56bfc062723c751e8b465ee728b)  -> (artifact id: '7a05c28d94a54a40a2adf70406fe3760') in 0.720693 seconds
  Import took 0.723455 seconds .

========================================================================
Received Import Request.
  Time since last request: 0.000414 seconds.
  path: Assets/plantas/Broadleaf_Desktop Materials/LOD2/Fronds_2.mat
  artifactKey: Guid(3d7711baedf6f8e45865ab9062c6b4eb) Importer(815301076,1909f56bfc062723c751e8b465ee728b)
Start importing Assets/plantas/Broadleaf_Desktop Materials/LOD2/Fronds_2.mat using Guid(3d7711baedf6f8e45865ab9062c6b4eb) Importer(815301076,1909f56bfc062723c751e8b465ee728b)  -> (artifact id: 'ed517c797480f6e034c581cb2ae15aea') in 0.079068 seconds
  Import took 0.082899 seconds .

========================================================================
Received Import Request.
  Time since last request: 0.000268 seconds.
  path: Assets/plantas/Broadleaf_Desktop Materials/LOD0/FacingLeaves_4.mat
  artifactKey: Guid(617a3854a02992a4fb853c8b0316dff0) Importer(815301076,1909f56bfc062723c751e8b465ee728b)
Start importing Assets/plantas/Broadleaf_Desktop Materials/LOD0/FacingLeaves_4.mat using Guid(617a3854a02992a4fb853c8b0316dff0) Importer(815301076,1909f56bfc062723c751e8b465ee728b)  -> (artifact id: '4ae19f1eee55102f083fcf2d0db641c0') in 0.137633 seconds
  Import took 0.141575 seconds .

========================================================================
Received Import Request.
  Time since last request: 0.000286 seconds.
  path: Assets/plantas/Broadleaf_Desktop Materials/LOD1/Branches_1.mat
  artifactKey: Guid(6207e963ec6159b49bcd4ad7d413dd90) Importer(815301076,1909f56bfc062723c751e8b465ee728b)
Start importing Assets/plantas/Broadleaf_Desktop Materials/LOD1/Branches_1.mat using Guid(6207e963ec6159b49bcd4ad7d413dd90) Importer(815301076,1909f56bfc062723c751e8b465ee728b)  -> (artifact id: '9d4773cd7e3a9756a945e5ec1a0483d1') in 0.116104 seconds
  Import took 0.121599 seconds .

========================================================================
Received Import Request.
  Time since last request: 0.000309 seconds.
  path: Assets/plantas/Broadleaf_Desktop Materials/LOD0/Branches_1.mat
  artifactKey: Guid(a32826515a1a41846bc9fa38bf9e05c1) Importer(815301076,1909f56bfc062723c751e8b465ee728b)
Start importing Assets/plantas/Broadleaf_Desktop Materials/LOD0/Branches_1.mat using Guid(a32826515a1a41846bc9fa38bf9e05c1) Importer(815301076,1909f56bfc062723c751e8b465ee728b)  -> (artifact id: '90f29e89f21d8cbced5e16d9d5c6927f') in 0.074493 seconds
  Import took 0.078271 seconds .

========================================================================
Received Import Request.
  Time since last request: 0.000285 seconds.
  path: Assets/plantas/Broadleaf_Desktop Materials/LOD2/Branches_0.mat
  artifactKey: Guid(0afb477fe17bdea4d98fe20876011c05) Importer(815301076,1909f56bfc062723c751e8b465ee728b)
Start importing Assets/plantas/Broadleaf_Desktop Materials/LOD2/Branches_0.mat using Guid(0afb477fe17bdea4d98fe20876011c05) Importer(815301076,1909f56bfc062723c751e8b465ee728b)  -> (artifact id: 'ff10a44b9defc69b118bcbbb188b3e4b') in 0.046077 seconds
  Import took 0.050003 seconds .

========================================================================
Received Import Request.
  Time since last request: 0.000319 seconds.
  path: Assets/plantas/Broadleaf_Desktop Materials/LOD1/FacingLeaves_4.mat
  artifactKey: Guid(e2fca9e9f26c9354189cbb240484d2f4) Importer(815301076,1909f56bfc062723c751e8b465ee728b)
Start importing Assets/plantas/Broadleaf_Desktop Materials/LOD1/FacingLeaves_4.mat using Guid(e2fca9e9f26c9354189cbb240484d2f4) Importer(815301076,1909f56bfc062723c751e8b465ee728b)  -> (artifact id: '01cea53cb36327516aa4f7633eba9185') in 0.135743 seconds
  Import took 0.143481 seconds .

========================================================================
Received Import Request.
  Time since last request: 0.000313 seconds.
  path: Assets/plantas/Broadleaf_Desktop Materials/LOD1/Leaves_3.mat
  artifactKey: Guid(3d7a99e392357d543bce073f05cc8a6a) Importer(815301076,1909f56bfc062723c751e8b465ee728b)
Start importing Assets/plantas/Broadleaf_Desktop Materials/LOD1/Leaves_3.mat using Guid(3d7a99e392357d543bce073f05cc8a6a) Importer(815301076,1909f56bfc062723c751e8b465ee728b)  -> (artifact id: 'd466488d44c77518e71863f72b39b7ca') in 0.082598 seconds
  Import took 0.085657 seconds .

========================================================================
Received Import Request.
  Time since last request: 0.000311 seconds.
  path: Assets/plantas/Broadleaf_Desktop Materials/LOD2/Leaves_3.mat
  artifactKey: Guid(a2b855657db070444b19ce082fdec29d) Importer(815301076,1909f56bfc062723c751e8b465ee728b)
Start importing Assets/plantas/Broadleaf_Desktop Materials/LOD2/Leaves_3.mat using Guid(a2b855657db070444b19ce082fdec29d) Importer(815301076,1909f56bfc062723c751e8b465ee728b)  -> (artifact id: '8a8ec7bf8392e9b3c86ad3600e3cc00d') in 0.048052 seconds
  Import took 0.051742 seconds .

========================================================================
Received Import Request.
  Time since last request: 0.000353 seconds.
  path: Assets/plantas/Broadleaf_Desktop Materials/LOD2/FacingLeaves_4.mat
  artifactKey: Guid(345811e3a9d34cf4d9a1ea8623a07b96) Importer(815301076,1909f56bfc062723c751e8b465ee728b)
Start importing Assets/plantas/Broadleaf_Desktop Materials/LOD2/FacingLeaves_4.mat using Guid(345811e3a9d34cf4d9a1ea8623a07b96) Importer(815301076,1909f56bfc062723c751e8b465ee728b)  -> (artifact id: '9f1217e998a62082bf6554107dac7036') in 0.042567 seconds
  Import took 0.046981 seconds .

========================================================================
Received Import Request.
  Time since last request: 0.000129 seconds.
  path: Assets/plantas/Broadleaf_Desktop Materials/LOD1/Branches_0.mat
  artifactKey: Guid(52c0759c3814d3b4eac9c29cf347b177) Importer(815301076,1909f56bfc062723c751e8b465ee728b)
Start importing Assets/plantas/Broadleaf_Desktop Materials/LOD1/Branches_0.mat using Guid(52c0759c3814d3b4eac9c29cf347b177) Importer(815301076,1909f56bfc062723c751e8b465ee728b)  -> (artifact id: '65f447153c2edac12a517c0d51fd4a2b') in 0.037958 seconds
  Import took 0.046598 seconds .

========================================================================
Received Import Request.
  Time since last request: 0.000356 seconds.
  path: Assets/plantas/Broadleaf_Desktop Materials/LOD2/Branches_1.mat
  artifactKey: Guid(31518194f926fd14a951231c0a3aaedb) Importer(815301076,1909f56bfc062723c751e8b465ee728b)
Start importing Assets/plantas/Broadleaf_Desktop Materials/LOD2/Branches_1.mat using Guid(31518194f926fd14a951231c0a3aaedb) Importer(815301076,1909f56bfc062723c751e8b465ee728b)  -> (artifact id: 'cb3f2e99be01cb6b2f522a4cb52c8f51') in 0.035551 seconds
  Import took 0.041986 seconds .

========================================================================
Received Import Request.
  Time since last request: 0.000163 seconds.
  path: Assets/plantas/Broadleaf_Desktop Materials/LOD0/Fronds_2.mat
  artifactKey: Guid(359ac405f5e1e5d4f8c3135405342758) Importer(815301076,1909f56bfc062723c751e8b465ee728b)
Start importing Assets/plantas/Broadleaf_Desktop Materials/LOD0/Fronds_2.mat using Guid(359ac405f5e1e5d4f8c3135405342758) Importer(815301076,1909f56bfc062723c751e8b465ee728b)  -> (artifact id: '5ed808d6f7888ed82d877660b7fe67c8') in 0.073065 seconds
  Import took 0.079015 seconds .

========================================================================
Received Import Request.
  Time since last request: 0.003368 seconds.
  path: Assets/plantas/Broadleaf_Desktop Materials/Billboard.mat
  artifactKey: Guid(0f326254627c72d4885c00530115aff8) Importer(815301076,1909f56bfc062723c751e8b465ee728b)
Start importing Assets/plantas/Broadleaf_Desktop Materials/Billboard.mat using Guid(0f326254627c72d4885c00530115aff8) Importer(815301076,1909f56bfc062723c751e8b465ee728b)  -> (artifact id: 'eb94fc836f79f3471782ffdeae280a49') in 0.063201 seconds
  Import took 0.066309 seconds .

========================================================================
Received Import Request.
  Time since last request: 0.000263 seconds.
  path: Assets/plantas/Broadleaf_Desktop Materials/LOD0/Leaves_3.mat
  artifactKey: Guid(256e9622d7a65ca4e9728ebe2a772201) Importer(815301076,1909f56bfc062723c751e8b465ee728b)
Start importing Assets/plantas/Broadleaf_Desktop Materials/LOD0/Leaves_3.mat using Guid(256e9622d7a65ca4e9728ebe2a772201) Importer(815301076,1909f56bfc062723c751e8b465ee728b)  -> (artifact id: '9389f851a5b5fd37c43406f113aac880') in 0.043362 seconds
  Import took 0.046829 seconds .

========================================================================
Received Import Request.
  Time since last request: 0.000464 seconds.
  path: Assets/plantas/Broadleaf_Desktop Materials/LOD1/Fronds_2.mat
  artifactKey: Guid(7a18e3cc6cf7e674ba25721a8400e943) Importer(815301076,1909f56bfc062723c751e8b465ee728b)
Start importing Assets/plantas/Broadleaf_Desktop Materials/LOD1/Fronds_2.mat using Guid(7a18e3cc6cf7e674ba25721a8400e943) Importer(815301076,1909f56bfc062723c751e8b465ee728b)  -> (artifact id: '5d81853c0d266bec073d8644f19e3eaf') in 0.042615 seconds
  Import took 0.045877 seconds .

========================================================================
Received Import Request.
  Time since last request: 14.849595 seconds.
  path: Assets/plantas/Broadleaf_Mobile Materials/Billboard.mat
  artifactKey: Guid(62e0c54788a40ea4290b76d64c7b51dd) Importer(815301076,1909f56bfc062723c751e8b465ee728b)
Start importing Assets/plantas/Broadleaf_Mobile Materials/Billboard.mat using Guid(62e0c54788a40ea4290b76d64c7b51dd) Importer(815301076,1909f56bfc062723c751e8b465ee728b)  -> (artifact id: '8db291a4de9e07c345efed466da9f00c') in 0.025744 seconds
  Import took 0.029854 seconds .

========================================================================
Received Import Request.
  Time since last request: 13.848087 seconds.
  path: Assets/plantas/Broadleaf_Mobile Materials/LOD0/Branches_0.mat
  artifactKey: Guid(5c6e36ca60e00c44d85ebfa1af88d2e4) Importer(815301076,1909f56bfc062723c751e8b465ee728b)
Start importing Assets/plantas/Broadleaf_Mobile Materials/LOD0/Branches_0.mat using Guid(5c6e36ca60e00c44d85ebfa1af88d2e4) Importer(815301076,1909f56bfc062723c751e8b465ee728b)  -> (artifact id: '0dd485aac41ba22cb7d118091b6b4b79') in 0.024530 seconds
  Import took 0.028081 seconds .

========================================================================
Received Import Request.
  Time since last request: 0.000376 seconds.
  path: Assets/plantas/Broadleaf_Mobile Materials/LOD0/Leaves_1.mat
  artifactKey: Guid(b2143a156779496499f0ddd7a8b7524d) Importer(815301076,1909f56bfc062723c751e8b465ee728b)
Start importing Assets/plantas/Broadleaf_Mobile Materials/LOD0/Leaves_1.mat using Guid(b2143a156779496499f0ddd7a8b7524d) Importer(815301076,1909f56bfc062723c751e8b465ee728b)  -> (artifact id: 'c43f479b836c9142543e8179e419d6f5') in 0.066487 seconds
  Import took 0.071245 seconds .

========================================================================
Received Import Request.
  Time since last request: 0.005166 seconds.
  path: Assets/plantas/Broadleaf_Mobile Materials/LOD0/Leaves_1.mat
  artifactKey: Guid(b2143a156779496499f0ddd7a8b7524d) Importer(815301076,1909f56bfc062723c751e8b465ee728b)
Start importing Assets/plantas/Broadleaf_Mobile Materials/LOD0/Leaves_1.mat using Guid(b2143a156779496499f0ddd7a8b7524d) Importer(815301076,1909f56bfc062723c751e8b465ee728b)  -> (artifact id: 'c43f479b836c9142543e8179e419d6f5') in 0.051635 seconds
  Import took 0.055528 seconds .

========================================================================
Received Import Request.
  Time since last request: 0.531234 seconds.
  path: Assets/plantas/Broadleaf_Mobile Materials/LOD1/Branches_0.mat
  artifactKey: Guid(7699745346ad58f4bae49772c80aa6b5) Importer(815301076,1909f56bfc062723c751e8b465ee728b)
Start importing Assets/plantas/Broadleaf_Mobile Materials/LOD1/Branches_0.mat using Guid(7699745346ad58f4bae49772c80aa6b5) Importer(815301076,1909f56bfc062723c751e8b465ee728b)  -> (artifact id: 'c3d84dfd7b6f92fb9192087a6fdf3d93') in 0.022427 seconds
  Import took 0.025724 seconds .

========================================================================
Received Import Request.
  Time since last request: 0.000340 seconds.
  path: Assets/plantas/Broadleaf_Mobile Materials/LOD1/Leaves_1.mat
  artifactKey: Guid(9befd7faa73a3a04487a165e7fcc302e) Importer(815301076,1909f56bfc062723c751e8b465ee728b)
Start importing Assets/plantas/Broadleaf_Mobile Materials/LOD1/Leaves_1.mat using Guid(9befd7faa73a3a04487a165e7fcc302e) Importer(815301076,1909f56bfc062723c751e8b465ee728b)  -> (artifact id: '3dded4a362293c44831fa46b5a90f639') in 0.042409 seconds
  Import took 0.046064 seconds .

========================================================================
Received Import Request.
  Time since last request: 1.135354 seconds.
  path: Assets/plantas/Broadleaf_Mobile Materials/LOD2/Branches_0.mat
  artifactKey: Guid(212dd59844231e248914be44df824782) Importer(815301076,1909f56bfc062723c751e8b465ee728b)
Start importing Assets/plantas/Broadleaf_Mobile Materials/LOD2/Branches_0.mat using Guid(212dd59844231e248914be44df824782) Importer(815301076,1909f56bfc062723c751e8b465ee728b)  -> (artifact id: '71e7ebb81c7171a11b2ea3161d034384') in 0.025076 seconds
  Import took 0.028822 seconds .

========================================================================
Received Import Request.
  Time since last request: 0.000332 seconds.
  path: Assets/plantas/Broadleaf_Mobile Materials/LOD2/Leaves_1.mat
  artifactKey: Guid(e31e34fb48abf2145b94a1e8eae61b4a) Importer(815301076,1909f56bfc062723c751e8b465ee728b)
Start importing Assets/plantas/Broadleaf_Mobile Materials/LOD2/Leaves_1.mat using Guid(e31e34fb48abf2145b94a1e8eae61b4a) Importer(815301076,1909f56bfc062723c751e8b465ee728b)  -> (artifact id: '6828d7661451816fe6c39369a2bbee46') in 0.034758 seconds
  Import took 0.037937 seconds .

========================================================================
Received Import Request.
  Time since last request: 2.784562 seconds.
  path: Assets/plantas/Materials/diamondMat.mat
  artifactKey: Guid(e173b93d2b7da60428b1b0b56087e7f3) Importer(815301076,1909f56bfc062723c751e8b465ee728b)
Start importing Assets/plantas/Materials/diamondMat.mat using Guid(e173b93d2b7da60428b1b0b56087e7f3) Importer(815301076,1909f56bfc062723c751e8b465ee728b)  -> (artifact id: 'c552b62a48843df3c7bfa200a0a2b8bc') in 0.031200 seconds
  Import took 0.035123 seconds .

========================================================================
Received Import Request.
  Time since last request: 1.356889 seconds.
  path: Assets/plantas/Palm_Desktop Materials/Billboard.mat
  artifactKey: Guid(097124b2828274a41898b899b1a256e9) Importer(815301076,1909f56bfc062723c751e8b465ee728b)
Start importing Assets/plantas/Palm_Desktop Materials/Billboard.mat using Guid(097124b2828274a41898b899b1a256e9) Importer(815301076,1909f56bfc062723c751e8b465ee728b)  -> (artifact id: '096acdaf364da33aad74b6057508249e') in 0.029106 seconds
  Import took 0.032479 seconds .

========================================================================
Received Import Request.
  Time since last request: 2.910036 seconds.
  path: Assets/plantas/Palm_Desktop Materials/LOD0/Branches_0.mat
  artifactKey: Guid(6f68337ef8b3b5743bf7d6726e37e1bc) Importer(815301076,1909f56bfc062723c751e8b465ee728b)
Start importing Assets/plantas/Palm_Desktop Materials/LOD0/Branches_0.mat using Guid(6f68337ef8b3b5743bf7d6726e37e1bc) Importer(815301076,1909f56bfc062723c751e8b465ee728b)  -> (artifact id: '31a2448fbc95ee1ad8194c56e4a652af') in 0.024595 seconds
  Import took 0.029277 seconds .

========================================================================
Received Import Request.
  Time since last request: 0.000313 seconds.
  path: Assets/plantas/Palm_Desktop Materials/LOD0/Fronds_2.mat
  artifactKey: Guid(d3fe58adec117e5489d5840149af78ba) Importer(815301076,1909f56bfc062723c751e8b465ee728b)
Start importing Assets/plantas/Palm_Desktop Materials/LOD0/Fronds_2.mat using Guid(d3fe58adec117e5489d5840149af78ba) Importer(815301076,1909f56bfc062723c751e8b465ee728b)  -> (artifact id: 'a0698dcbd419fd9f56faed89f844d159') in 0.052519 seconds
  Import took 0.058907 seconds .

========================================================================
Received Import Request.
  Time since last request: 0.000289 seconds.
  path: Assets/plantas/Palm_Desktop Materials/LOD0/Leaves_3.mat
  artifactKey: Guid(ddf65d852f29044419745265cf7c1017) Importer(815301076,1909f56bfc062723c751e8b465ee728b)
Start importing Assets/plantas/Palm_Desktop Materials/LOD0/Leaves_3.mat using Guid(ddf65d852f29044419745265cf7c1017) Importer(815301076,1909f56bfc062723c751e8b465ee728b)  -> (artifact id: 'c2226d32bb2d0ec459b53f4fb987cc37') in 0.040006 seconds
  Import took 0.044816 seconds .

========================================================================
Received Import Request.
  Time since last request: 0.000634 seconds.
  path: Assets/plantas/Palm_Desktop Materials/LOD0/Branches_1.mat
  artifactKey: Guid(4f7897c7feb9b71479c009f85023d446) Importer(815301076,1909f56bfc062723c751e8b465ee728b)
Start importing Assets/plantas/Palm_Desktop Materials/LOD0/Branches_1.mat using Guid(4f7897c7feb9b71479c009f85023d446) Importer(815301076,1909f56bfc062723c751e8b465ee728b)  -> (artifact id: 'c69f2bc6df612bddd033545f8171abd2') in 0.052081 seconds
  Import took 0.057684 seconds .

========================================================================
Received Import Request.
  Time since last request: 0.728203 seconds.
  path: Assets/plantas/Palm_Desktop Materials/LOD1/Branches_0.mat
  artifactKey: Guid(daeb28a19abceab4682902049c52589a) Importer(815301076,1909f56bfc062723c751e8b465ee728b)
Start importing Assets/plantas/Palm_Desktop Materials/LOD1/Branches_0.mat using Guid(daeb28a19abceab4682902049c52589a) Importer(815301076,1909f56bfc062723c751e8b465ee728b)  -> (artifact id: '89e0e1507d5e0deccac406755d922276') in 0.024907 seconds
  Import took 0.030319 seconds .

========================================================================
Received Import Request.
  Time since last request: 0.000310 seconds.
  path: Assets/plantas/Palm_Desktop Materials/LOD1/Leaves_3.mat
  artifactKey: Guid(57c8ea95346f87648a3d8ce50741576b) Importer(815301076,1909f56bfc062723c751e8b465ee728b)
Start importing Assets/plantas/Palm_Desktop Materials/LOD1/Leaves_3.mat using Guid(57c8ea95346f87648a3d8ce50741576b) Importer(815301076,1909f56bfc062723c751e8b465ee728b)  -> (artifact id: 'c5f9f47e785692f54febffc189a62e98') in 0.033578 seconds
  Import took 0.044171 seconds .

========================================================================
Received Import Request.
  Time since last request: 0.000293 seconds.
  path: Assets/plantas/Palm_Desktop Materials/LOD1/Fronds_2.mat
  artifactKey: Guid(c6466435c68c0354d877eb605fa2577e) Importer(815301076,1909f56bfc062723c751e8b465ee728b)
Start importing Assets/plantas/Palm_Desktop Materials/LOD1/Fronds_2.mat using Guid(c6466435c68c0354d877eb605fa2577e) Importer(815301076,1909f56bfc062723c751e8b465ee728b)  -> (artifact id: '4ae8e383ecb7a5b6c475aefcd0e70dc9') in 0.042476 seconds
  Import took 0.050235 seconds .

========================================================================
Received Import Request.
  Time since last request: 2.689208 seconds.
  path: Assets/plantas/Palm_Desktop Materials/LOD2/Branches_0.mat
  artifactKey: Guid(8cc4abbef7832294a904fc966d4e5c7f) Importer(815301076,1909f56bfc062723c751e8b465ee728b)
Start importing Assets/plantas/Palm_Desktop Materials/LOD2/Branches_0.mat using Guid(8cc4abbef7832294a904fc966d4e5c7f) Importer(815301076,1909f56bfc062723c751e8b465ee728b)  -> (artifact id: 'a7db9c92cac526d4d5032eec60d42297') in 0.025675 seconds
  Import took 0.029006 seconds .

========================================================================
Received Import Request.
  Time since last request: 0.000362 seconds.
  path: Assets/plantas/Palm_Desktop Materials/LOD2/Fronds_2.mat
  artifactKey: Guid(e778241294d67ef4688cd655fd962ffa) Importer(815301076,1909f56bfc062723c751e8b465ee728b)
Start importing Assets/plantas/Palm_Desktop Materials/LOD2/Fronds_2.mat using Guid(e778241294d67ef4688cd655fd962ffa) Importer(815301076,1909f56bfc062723c751e8b465ee728b)  -> (artifact id: '883e5e77816ddece3ceea87d39be5005') in 0.031137 seconds
  Import took 0.038885 seconds .

========================================================================
Received Import Request.
  Time since last request: 5.989975 seconds.
  path: Assets/plantas/ConiferBark_Normal.tga
  artifactKey: Guid(f37a87d1d87d5994493dcd34c80cd320) Importer(815301076,1909f56bfc062723c751e8b465ee728b)
Start importing Assets/plantas/ConiferBark_Normal.tga using Guid(f37a87d1d87d5994493dcd34c80cd320) Importer(815301076,1909f56bfc062723c751e8b465ee728b)  -> (artifact id: '7c526b796f2525d8efb0dd3a798cccd5') in 0.071114 seconds
  Import took 0.081746 seconds .

========================================================================
Received Import Request.
  Time since last request: 0.000287 seconds.
  path: Assets/plantas/PalmBark_Detail.tga
  artifactKey: Guid(8b7a06b5540df73499b1ca9e9a99f815) Importer(815301076,1909f56bfc062723c751e8b465ee728b)
Start importing Assets/plantas/PalmBark_Detail.tga using Guid(8b7a06b5540df73499b1ca9e9a99f815) Importer(815301076,1909f56bfc062723c751e8b465ee728b)  -> (artifact id: 'd92e2de2f1a37b4b0d0d38d8bf5c822c') in 0.079423 seconds
  Import took 0.086348 seconds .

========================================================================
Received Import Request.
  Time since last request: 0.000404 seconds.
  path: Assets/plantas/Palm_Desktop_Atlas_Billboards.tga
  artifactKey: Guid(084d7ceca59c0ac47928eb2300496432) Importer(815301076,1909f56bfc062723c751e8b465ee728b)
Start importing Assets/plantas/Palm_Desktop_Atlas_Billboards.tga using Guid(084d7ceca59c0ac47928eb2300496432) Importer(815301076,1909f56bfc062723c751e8b465ee728b)  -> (artifact id: 'c36147a95ecd3b735bf284c9ada019e7') in 0.039050 seconds
  Import took 0.042754 seconds .

========================================================================
Received Import Request.
  Time since last request: 0.000296 seconds.
  path: Assets/plantas/PalmBark.tga
  artifactKey: Guid(73cac1ea7f4e8d644a257032a71360a5) Importer(815301076,1909f56bfc062723c751e8b465ee728b)
Start importing Assets/plantas/PalmBark.tga using Guid(73cac1ea7f4e8d644a257032a71360a5) Importer(815301076,1909f56bfc062723c751e8b465ee728b)  -> (artifact id: '6bdea90321bd3eb2922407c0d7443c56') in 0.049981 seconds
  Import took 0.054706 seconds .

========================================================================
Received Import Request.
  Time since last request: 0.000284 seconds.
  path: Assets/plantas/Palm_Desktop_Atlas.tga
  artifactKey: Guid(b15094df28b3a074fb23b0d7e6a30823) Importer(815301076,1909f56bfc062723c751e8b465ee728b)
Start importing Assets/plantas/Palm_Desktop_Atlas.tga using Guid(b15094df28b3a074fb23b0d7e6a30823) Importer(815301076,1909f56bfc062723c751e8b465ee728b)  -> (artifact id: '7e657ebffca855b605ba93d17e17092a') in 0.050761 seconds
  Import took 0.054643 seconds .

========================================================================
Received Import Request.
  Time since last request: 0.000280 seconds.
  path: Assets/plantas/Palm_Desktop_Atlas_Normal.tga
  artifactKey: Guid(accfd802ffccef54295c2df37645a2f2) Importer(815301076,1909f56bfc062723c751e8b465ee728b)
Start importing Assets/plantas/Palm_Desktop_Atlas_Normal.tga using Guid(accfd802ffccef54295c2df37645a2f2) Importer(815301076,1909f56bfc062723c751e8b465ee728b)  -> (artifact id: 'f5cff0bb04882760d32eeda74ff1da3a') in 0.046273 seconds
  Import took 0.051183 seconds .

========================================================================
Received Import Request.
  Time since last request: 0.000332 seconds.
  path: Assets/plantas/Palm_Desktop_Atlas_Billboards_Normal.tga
  artifactKey: Guid(b98975c2c06423345b8a31d592d0dd30) Importer(815301076,1909f56bfc062723c751e8b465ee728b)
Start importing Assets/plantas/Palm_Desktop_Atlas_Billboards_Normal.tga using Guid(b98975c2c06423345b8a31d592d0dd30) Importer(815301076,1909f56bfc062723c751e8b465ee728b)  -> (artifact id: '1abf4f6320c5bc5e12107db5546f64be') in 0.040091 seconds
  Import took 0.044677 seconds .

========================================================================
Received Import Request.
  Time since last request: 0.000335 seconds.
  path: Assets/plantas/Palm_Desktop.spm
  artifactKey: Guid(5c2ecb53217ee6d47845944d5e81b5a6) Importer(815301076,1909f56bfc062723c751e8b465ee728b)
Start importing Assets/plantas/Palm_Desktop.spm using Guid(5c2ecb53217ee6d47845944d5e81b5a6) Importer(815301076,1909f56bfc062723c751e8b465ee728b)  -> (artifact id: '4d8ce0639f1f9ac3a8aff8600c60be38') in 0.286211 seconds
  Import took 0.289635 seconds .

========================================================================
Received Import Request.
  Time since last request: 0.000249 seconds.
  path: Assets/plantas/PalmFrond.tga
  artifactKey: Guid(ded5a4d59b5ef9c4bb5aa8a8d57b5fd2) Importer(815301076,1909f56bfc062723c751e8b465ee728b)
Start importing Assets/plantas/PalmFrond.tga using Guid(ded5a4d59b5ef9c4bb5aa8a8d57b5fd2) Importer(815301076,1909f56bfc062723c751e8b465ee728b)  -> (artifact id: 'ddb205058406281dfd748b5fb65eb7be') in 0.033416 seconds
  Import took 0.040556 seconds .

========================================================================
Received Import Request.
  Time since last request: 0.002454 seconds.
  path: Assets/plantas/PalmFrond_Normal.tga
  artifactKey: Guid(37d401ed5593db646a078ec27db9eb5e) Importer(815301076,1909f56bfc062723c751e8b465ee728b)
Start importing Assets/plantas/PalmFrond_Normal.tga using Guid(37d401ed5593db646a078ec27db9eb5e) Importer(815301076,1909f56bfc062723c751e8b465ee728b)  -> (artifact id: '359a148cdd7ea6136cbc0d2b39b73eb7') in 0.041950 seconds
  Import took 0.055200 seconds .

========================================================================
Received Import Request.
  Time since last request: 0.000938 seconds.
  path: Assets/plantas/PalmBark_Detail_Normal.tga
  artifactKey: Guid(0a2326416847b0144b84a9af7474a69f) Importer(815301076,1909f56bfc062723c751e8b465ee728b)
Start importing Assets/plantas/PalmBark_Detail_Normal.tga using Guid(0a2326416847b0144b84a9af7474a69f) Importer(815301076,1909f56bfc062723c751e8b465ee728b)  -> (artifact id: '992b9922deec91f4e032d290985c96dc') in 0.044687 seconds
  Import took 0.049405 seconds .

========================================================================
Received Import Request.
  Time since last request: 0.000340 seconds.
  path: Assets/plantas/Palm_Desktop_Atlas_Specular.tga
  artifactKey: Guid(74e4b8a9d329a9d4da4f2280b142d8c2) Importer(815301076,1909f56bfc062723c751e8b465ee728b)
Start importing Assets/plantas/Palm_Desktop_Atlas_Specular.tga using Guid(74e4b8a9d329a9d4da4f2280b142d8c2) Importer(815301076,1909f56bfc062723c751e8b465ee728b)  -> (artifact id: '82c207662def0999854e5676cb1bd85e') in 0.036744 seconds
  Import took 0.040224 seconds .

========================================================================
Received Import Request.
  Time since last request: 0.000333 seconds.
  path: Assets/plantas/PalmBark_Normal.tga
  artifactKey: Guid(848a6ba0b902217489e437776cba0a85) Importer(815301076,1909f56bfc062723c751e8b465ee728b)
Start importing Assets/plantas/PalmBark_Normal.tga using Guid(848a6ba0b902217489e437776cba0a85) Importer(815301076,1909f56bfc062723c751e8b465ee728b)  -> (artifact id: '196f2e1f4a79f2b03c8fd3cf47d6b826') in 0.071032 seconds
  Import took 0.076848 seconds .

========================================================================
Received Import Request.
  Time since last request: 0.000485 seconds.
  path: Assets/plantas/PalmFrond_Spec.tga
  artifactKey: Guid(ff5ae99d6014df84a89412c1f0ec079e) Importer(815301076,1909f56bfc062723c751e8b465ee728b)
Start importing Assets/plantas/PalmFrond_Spec.tga using Guid(ff5ae99d6014df84a89412c1f0ec079e) Importer(815301076,1909f56bfc062723c751e8b465ee728b)  -> (artifact id: '10316cbb3aaf02792bff0fa1c045cc14') in 0.065781 seconds
  Import took 0.098099 seconds .

AssetImportWorkerClient::OnTransportError - code=2 error=End of file
